info it worked if it ends with ok
verbose cli [ 'node', '/usr/bin/npm', 'install', 'caman@1.0.4' ]
info using npm@1.1.4
info using node@v0.6.12
verbose config file /home/vagrant/.npmrc
verbose config file /usr/etc/npmrc
verbose config file /usr/share/npm/npmrc
verbose cache add [ 'caman@1.0.4', null ]
silly cache add: name, spec, args [ undefined, 'caman@1.0.4', [ 'caman@1.0.4', null ] ]
verbose parsed url { pathname: 'caman@1.0.4',
verbose parsed url   path: 'caman@1.0.4',
verbose parsed url   href: 'caman@1.0.4' }
silly cache add: name, spec, args [ 'caman', '1.0.4', [ 'caman', '1.0.4' ] ]
verbose parsed url { pathname: '1.0.4', path: '1.0.4', href: '1.0.4' }
verbose addNamed [ 'caman', '1.0.4' ]
verbose addNamed [ '1.0.4', '1.0.4' ]
verbose raw, before any munging caman/1.0.4
verbose url resolving [ 'https://registry.npmjs.org/', './caman/1.0.4' ]
verbose url resolved https://registry.npmjs.org/caman/1.0.4
http GET https://registry.npmjs.org/caman/1.0.4
ERR! Error: failed to fetch from registry: caman/1.0.4
ERR!     at /usr/share/npm/lib/utils/npm-registry-client/get.js:139:12
ERR!     at cb (/usr/share/npm/lib/utils/npm-registry-client/request.js:31:9)
ERR!     at Request._callback (/usr/share/npm/lib/utils/npm-registry-client/request.js:136:18)
ERR!     at Request.callback (/usr/lib/nodejs/request/main.js:119:22)
ERR!     at Request.<anonymous> (/usr/lib/nodejs/request/main.js:212:58)
ERR!     at Request.emit (events.js:88:20)
ERR!     at ClientRequest.<anonymous> (/usr/lib/nodejs/request/main.js:412:12)
ERR!     at ClientRequest.emit (events.js:67:17)
ERR!     at HTTPParser.onIncoming (http.js:1261:11)
ERR!     at HTTPParser.onHeadersComplete (http.js:102:31)
ERR! You may report this log at:
ERR!     <http://bugs.debian.org/npm>
ERR! or use
ERR!     reportbug --attach /home/vagrant/VMShared/PictureBrightDevise2/npm-debug.log npm
ERR! 
ERR! System Linux 3.2.0-23-generic
ERR! command "node" "/usr/bin/npm" "install" "caman@1.0.4"
ERR! cwd /home/vagrant/VMShared/PictureBrightDevise2
ERR! node -v v0.6.12
ERR! npm -v 1.1.4
ERR! message failed to fetch from registry: caman/1.0.4
verbose exit [ 1, true ]
